2017-10-23T00:22:39.565Z - info: Starting App
2017-10-23T00:23:22.865Z - info: Initializing Audo Updater
2017-10-23T00:23:22.865Z - info: Setting AUTO UPDATE URL to http://ot-app-releases-2.herokuapp.com?version=2.5.2
2017-10-23T00:23:22.866Z - info: Auto updating is enabled, checking for updates
2017-10-23T00:23:23.916Z - info: Loading App UI at http://127.0.0.1:31950/
2017-10-23T00:23:23.922Z - info: Dispatched .loadURL call
2017-10-23T00:25:07.619Z - info: Electron App window closed, quitting App
2017-10-23T00:25:43.980Z - info: Starting App
2017-10-23T00:25:44.050Z - info: Initializing Audo Updater
2017-10-23T00:25:44.051Z - info: Setting AUTO UPDATE URL to http://ot-app-releases-2.herokuapp.com?version=2.5.2
2017-10-23T00:25:44.051Z - info: Auto updating is enabled, checking for updates
2017-10-23T00:25:46.130Z - info: Loading App UI at http://127.0.0.1:31950/
2017-10-23T00:25:46.137Z - info: Dispatched .loadURL call
2017-10-23T00:28:25.041Z - info: Electron App window closed, quitting App
2017-10-23T00:28:25.088Z - error: Received an expected error while calling exit route StatusCodeError: 500 - "Internal Server Error"
    at new StatusCodeError (/opt/Opentrons 2.0/resources/app.asar/node_modules/request-promise-core/lib/errors.js:32:15)
    at Request.plumbing.callback (/opt/Opentrons 2.0/resources/app.asar/node_modules/request-promise-core/lib/plumbing.js:104:33)
    at Request.RP$callback [as _callback] (/opt/Opentrons 2.0/resources/app.asar/node_modules/request-promise-core/lib/plumbing.js:46:31)
    at Request.self.callback (/opt/Opentrons 2.0/resources/app.asar/node_modules/request/request.js:188:22)
    at emitTwo (events.js:106:13)
    at Request.emit (events.js:191:7)
    at Request.<anonymous> (/opt/Opentrons 2.0/resources/app.asar/node_modules/request/request.js:1171:10)
    at emitOne (events.js:96:13)
    at Request.emit (events.js:188:7)
    at IncomingMessage.<anonymous> (/opt/Opentrons 2.0/resources/app.asar/node_modules/request/request.js:1091:12)
    at Object.onceWrapper (events.js:290:19)
    at emitNone (events.js:91:20)
    at IncomingMessage.emit (events.js:185:7)
    at endReadableNT (_stream_readable.js:974:12)
    at _combinedTickCallback (internal/process/next_tick.js:74:11)
    at process._tickCallback (internal/process/next_tick.js:98:9)
2017-10-23T00:28:28.781Z - info: Starting App
2017-10-23T00:28:28.848Z - info: Initializing Audo Updater
2017-10-23T00:28:28.849Z - info: Setting AUTO UPDATE URL to http://ot-app-releases-2.herokuapp.com?version=2.5.2
2017-10-23T00:28:28.849Z - info: Auto updating is enabled, checking for updates
2017-10-23T00:28:30.925Z - info: Loading App UI at http://127.0.0.1:31950/
2017-10-23T00:28:30.933Z - info: Dispatched .loadURL call
2017-10-23T00:55:03.428Z - info: Electron App window closed, quitting App
2017-10-23T00:55:03.481Z - error: Received an expected error while calling exit route StatusCodeError: 500 - "Internal Server Error"
    at new StatusCodeError (/opt/Opentrons 2.0/resources/app.asar/node_modules/request-promise-core/lib/errors.js:32:15)
    at Request.plumbing.callback (/opt/Opentrons 2.0/resources/app.asar/node_modules/request-promise-core/lib/plumbing.js:104:33)
    at Request.RP$callback [as _callback] (/opt/Opentrons 2.0/resources/app.asar/node_modules/request-promise-core/lib/plumbing.js:46:31)
    at Request.self.callback (/opt/Opentrons 2.0/resources/app.asar/node_modules/request/request.js:188:22)
    at emitTwo (events.js:106:13)
    at Request.emit (events.js:191:7)
    at Request.<anonymous> (/opt/Opentrons 2.0/resources/app.asar/node_modules/request/request.js:1171:10)
    at emitOne (events.js:96:13)
    at Request.emit (events.js:188:7)
    at IncomingMessage.<anonymous> (/opt/Opentrons 2.0/resources/app.asar/node_modules/request/request.js:1091:12)
    at Object.onceWrapper (events.js:290:19)
    at emitNone (events.js:91:20)
    at IncomingMessage.emit (events.js:185:7)
    at endReadableNT (_stream_readable.js:974:12)
    at _combinedTickCallback (internal/process/next_tick.js:74:11)
    at process._tickCallback (internal/process/next_tick.js:98:9)
2017-10-23T01:02:11.907Z - info: Starting App
2017-10-23T01:02:11.974Z - info: Initializing Audo Updater
2017-10-23T01:02:11.974Z - info: Setting AUTO UPDATE URL to http://ot-app-releases-2.herokuapp.com?version=2.5.2
2017-10-23T01:02:11.974Z - info: Auto updating is enabled, checking for updates
2017-10-23T01:02:14.028Z - info: Loading App UI at http://127.0.0.1:31950/
2017-10-23T01:02:14.035Z - info: Dispatched .loadURL call
2017-10-23T17:35:17.805Z - info: Electron App window closed, quitting App
2017-10-23T17:35:17.865Z - error: Received an expected error while calling exit route StatusCodeError: 500 - "Internal Server Error"
    at new StatusCodeError (/opt/Opentrons 2.0/resources/app.asar/node_modules/request-promise-core/lib/errors.js:32:15)
    at Request.plumbing.callback (/opt/Opentrons 2.0/resources/app.asar/node_modules/request-promise-core/lib/plumbing.js:104:33)
    at Request.RP$callback [as _callback] (/opt/Opentrons 2.0/resources/app.asar/node_modules/request-promise-core/lib/plumbing.js:46:31)
    at Request.self.callback (/opt/Opentrons 2.0/resources/app.asar/node_modules/request/request.js:188:22)
    at emitTwo (events.js:106:13)
    at Request.emit (events.js:191:7)
    at Request.<anonymous> (/opt/Opentrons 2.0/resources/app.asar/node_modules/request/request.js:1171:10)
    at emitOne (events.js:96:13)
    at Request.emit (events.js:188:7)
    at IncomingMessage.<anonymous> (/opt/Opentrons 2.0/resources/app.asar/node_modules/request/request.js:1091:12)
    at Object.onceWrapper (events.js:290:19)
    at emitNone (events.js:91:20)
    at IncomingMessage.emit (events.js:185:7)
    at endReadableNT (_stream_readable.js:974:12)
    at _combinedTickCallback (internal/process/next_tick.js:74:11)
    at process._tickCallback (internal/process/next_tick.js:98:9)
2017-10-28T00:51:04.397Z - info: Starting App
2017-10-28T00:51:04.576Z - info: Initializing Audo Updater
2017-10-28T00:51:04.577Z - info: Setting AUTO UPDATE URL to http://ot-app-releases-2.herokuapp.com?version=2.5.2
2017-10-28T00:51:04.577Z - info: Auto updating is enabled, checking for updates
2017-10-28T00:51:06.681Z - info: Loading App UI at http://127.0.0.1:31950/
2017-10-28T00:51:06.695Z - info: Dispatched .loadURL call
2017-11-06T19:36:34.241Z - info: Electron App window closed, quitting App
2017-11-06T19:36:34.330Z - error: Received an expected error while calling exit route StatusCodeError: 500 - "Internal Server Error"
    at new StatusCodeError (/opt/Opentrons 2.0/resources/app.asar/node_modules/request-promise-core/lib/errors.js:32:15)
    at Request.plumbing.callback (/opt/Opentrons 2.0/resources/app.asar/node_modules/request-promise-core/lib/plumbing.js:104:33)
    at Request.RP$callback [as _callback] (/opt/Opentrons 2.0/resources/app.asar/node_modules/request-promise-core/lib/plumbing.js:46:31)
    at Request.self.callback (/opt/Opentrons 2.0/resources/app.asar/node_modules/request/request.js:188:22)
    at emitTwo (events.js:106:13)
    at Request.emit (events.js:191:7)
    at Request.<anonymous> (/opt/Opentrons 2.0/resources/app.asar/node_modules/request/request.js:1171:10)
    at emitOne (events.js:96:13)
    at Request.emit (events.js:188:7)
    at IncomingMessage.<anonymous> (/opt/Opentrons 2.0/resources/app.asar/node_modules/request/request.js:1091:12)
    at Object.onceWrapper (events.js:290:19)
    at emitNone (events.js:91:20)
    at IncomingMessage.emit (events.js:185:7)
    at endReadableNT (_stream_readable.js:974:12)
    at _combinedTickCallback (internal/process/next_tick.js:74:11)
    at process._tickCallback (internal/process/next_tick.js:98:9)
2017-11-16T01:37:43.295Z - info: Starting App
2017-11-16T01:37:43.438Z - info: Initializing Audo Updater
2017-11-16T01:37:43.438Z - info: Setting AUTO UPDATE URL to http://ot-app-releases-2.herokuapp.com?version=2.5.2
2017-11-16T01:37:43.439Z - info: Auto updating is enabled, checking for updates
2017-11-16T01:37:45.529Z - info: Loading App UI at http://127.0.0.1:31950/
2017-11-16T01:37:45.540Z - info: Dispatched .loadURL call
2017-11-17T18:55:09.484Z - info: Electron App window closed, quitting App
2017-11-17T18:55:09.570Z - error: Received an expected error while calling exit route StatusCodeError: 500 - "Internal Server Error"
    at new StatusCodeError (/opt/Opentrons 2.0/resources/app.asar/node_modules/request-promise-core/lib/errors.js:32:15)
    at Request.plumbing.callback (/opt/Opentrons 2.0/resources/app.asar/node_modules/request-promise-core/lib/plumbing.js:104:33)
    at Request.RP$callback [as _callback] (/opt/Opentrons 2.0/resources/app.asar/node_modules/request-promise-core/lib/plumbing.js:46:31)
    at Request.self.callback (/opt/Opentrons 2.0/resources/app.asar/node_modules/request/request.js:188:22)
    at emitTwo (events.js:106:13)
    at Request.emit (events.js:191:7)
    at Request.<anonymous> (/opt/Opentrons 2.0/resources/app.asar/node_modules/request/request.js:1171:10)
    at emitOne (events.js:96:13)
    at Request.emit (events.js:188:7)
    at IncomingMessage.<anonymous> (/opt/Opentrons 2.0/resources/app.asar/node_modules/request/request.js:1091:12)
    at Object.onceWrapper (events.js:290:19)
    at emitNone (events.js:91:20)
    at IncomingMessage.emit (events.js:185:7)
    at endReadableNT (_stream_readable.js:974:12)
    at _combinedTickCallback (internal/process/next_tick.js:74:11)
    at process._tickCallback (internal/process/next_tick.js:98:9)
2017-11-17T18:55:14.002Z - info: Starting App
2017-11-17T18:55:14.120Z - info: Initializing Audo Updater
2017-11-17T18:55:14.121Z - info: Setting AUTO UPDATE URL to http://ot-app-releases-2.herokuapp.com?version=2.5.2
2017-11-17T18:55:14.121Z - info: Auto updating is enabled, checking for updates
2017-11-17T18:55:16.214Z - info: Loading App UI at http://127.0.0.1:31950/
2017-11-17T18:55:16.221Z - info: Dispatched .loadURL call
2017-11-23T01:00:15.999Z - info: Electron App window closed, quitting App
2017-11-23T01:00:16.117Z - error: Received an expected error while calling exit route StatusCodeError: 500 - "Internal Server Error"
    at new StatusCodeError (/opt/Opentrons 2.0/resources/app.asar/node_modules/request-promise-core/lib/errors.js:32:15)
    at Request.plumbing.callback (/opt/Opentrons 2.0/resources/app.asar/node_modules/request-promise-core/lib/plumbing.js:104:33)
    at Request.RP$callback [as _callback] (/opt/Opentrons 2.0/resources/app.asar/node_modules/request-promise-core/lib/plumbing.js:46:31)
    at Request.self.callback (/opt/Opentrons 2.0/resources/app.asar/node_modules/request/request.js:188:22)
    at emitTwo (events.js:106:13)
    at Request.emit (events.js:191:7)
    at Request.<anonymous> (/opt/Opentrons 2.0/resources/app.asar/node_modules/request/request.js:1171:10)
    at emitOne (events.js:96:13)
    at Request.emit (events.js:188:7)
    at IncomingMessage.<anonymous> (/opt/Opentrons 2.0/resources/app.asar/node_modules/request/request.js:1091:12)
    at Object.onceWrapper (events.js:290:19)
    at emitNone (events.js:91:20)
    at IncomingMessage.emit (events.js:185:7)
    at endReadableNT (_stream_readable.js:974:12)
    at _combinedTickCallback (internal/process/next_tick.js:74:11)
    at process._tickCallback (internal/process/next_tick.js:98:9)
2017-11-23T01:01:06.735Z - info: Starting App
2017-11-23T01:01:06.852Z - info: Initializing Audo Updater
2017-11-23T01:01:06.852Z - info: Setting AUTO UPDATE URL to http://ot-app-releases-2.herokuapp.com?version=2.5.2
2017-11-23T01:01:06.852Z - info: Auto updating is enabled, checking for updates
2017-11-23T01:01:08.916Z - info: Loading App UI at http://127.0.0.1:31950/
2017-11-23T01:01:08.925Z - info: Dispatched .loadURL call
2017-11-23T01:01:56.006Z - info: Electron App window closed, quitting App
2017-11-23T01:01:56.042Z - error: Received an expected error while calling exit route StatusCodeError: 500 - "Internal Server Error"
    at new StatusCodeError (/opt/Opentrons 2.0/resources/app.asar/node_modules/request-promise-core/lib/errors.js:32:15)
    at Request.plumbing.callback (/opt/Opentrons 2.0/resources/app.asar/node_modules/request-promise-core/lib/plumbing.js:104:33)
    at Request.RP$callback [as _callback] (/opt/Opentrons 2.0/resources/app.asar/node_modules/request-promise-core/lib/plumbing.js:46:31)
    at Request.self.callback (/opt/Opentrons 2.0/resources/app.asar/node_modules/request/request.js:188:22)
    at emitTwo (events.js:106:13)
    at Request.emit (events.js:191:7)
    at Request.<anonymous> (/opt/Opentrons 2.0/resources/app.asar/node_modules/request/request.js:1171:10)
    at emitOne (events.js:96:13)
    at Request.emit (events.js:188:7)
    at IncomingMessage.<anonymous> (/opt/Opentrons 2.0/resources/app.asar/node_modules/request/request.js:1091:12)
    at Object.onceWrapper (events.js:290:19)
    at emitNone (events.js:91:20)
    at IncomingMessage.emit (events.js:185:7)
    at endReadableNT (_stream_readable.js:974:12)
    at _combinedTickCallback (internal/process/next_tick.js:74:11)
    at process._tickCallback (internal/process/next_tick.js:98:9)
2017-11-27T23:11:37.391Z - info: Starting App
2017-11-27T23:11:37.458Z - info: Initializing Audo Updater
2017-11-27T23:11:37.458Z - info: Setting AUTO UPDATE URL to http://ot-app-releases-2.herokuapp.com?version=2.5.2
2017-11-27T23:11:37.458Z - info: Auto updating is enabled, checking for updates
2017-11-27T23:11:39.505Z - info: Loading App UI at http://127.0.0.1:31950/
2017-11-27T23:11:39.513Z - info: Dispatched .loadURL call
2017-11-28T01:05:34.515Z - info: Electron App window closed, quitting App
2017-11-28T01:05:34.562Z - error: Received an expected error while calling exit route StatusCodeError: 500 - "Internal Server Error"
    at new StatusCodeError (/opt/Opentrons 2.0/resources/app.asar/node_modules/request-promise-core/lib/errors.js:32:15)
    at Request.plumbing.callback (/opt/Opentrons 2.0/resources/app.asar/node_modules/request-promise-core/lib/plumbing.js:104:33)
    at Request.RP$callback [as _callback] (/opt/Opentrons 2.0/resources/app.asar/node_modules/request-promise-core/lib/plumbing.js:46:31)
    at Request.self.callback (/opt/Opentrons 2.0/resources/app.asar/node_modules/request/request.js:188:22)
    at emitTwo (events.js:106:13)
    at Request.emit (events.js:191:7)
    at Request.<anonymous> (/opt/Opentrons 2.0/resources/app.asar/node_modules/request/request.js:1171:10)
    at emitOne (events.js:96:13)
    at Request.emit (events.js:188:7)
    at IncomingMessage.<anonymous> (/opt/Opentrons 2.0/resources/app.asar/node_modules/request/request.js:1091:12)
    at Object.onceWrapper (events.js:290:19)
    at emitNone (events.js:91:20)
    at IncomingMessage.emit (events.js:185:7)
    at endReadableNT (_stream_readable.js:974:12)
    at _combinedTickCallback (internal/process/next_tick.js:74:11)
    at process._tickCallback (internal/process/next_tick.js:98:9)
2017-11-28T01:05:46.142Z - info: Starting App
2017-11-28T01:05:46.205Z - info: Initializing Audo Updater
2017-11-28T01:05:46.206Z - info: Setting AUTO UPDATE URL to http://ot-app-releases-2.herokuapp.com?version=2.5.2
2017-11-28T01:05:46.206Z - info: Auto updating is enabled, checking for updates
2017-11-28T01:05:48.260Z - info: Loading App UI at http://127.0.0.1:31950/
2017-11-28T01:05:48.266Z - info: Dispatched .loadURL call
2017-12-05T23:42:49.245Z - info: Electron App window closed, quitting App
2017-12-05T23:42:49.307Z - error: Received an expected error while calling exit route StatusCodeError: 500 - "Internal Server Error"
    at new StatusCodeError (/opt/Opentrons 2.0/resources/app.asar/node_modules/request-promise-core/lib/errors.js:32:15)
    at Request.plumbing.callback (/opt/Opentrons 2.0/resources/app.asar/node_modules/request-promise-core/lib/plumbing.js:104:33)
    at Request.RP$callback [as _callback] (/opt/Opentrons 2.0/resources/app.asar/node_modules/request-promise-core/lib/plumbing.js:46:31)
    at Request.self.callback (/opt/Opentrons 2.0/resources/app.asar/node_modules/request/request.js:188:22)
    at emitTwo (events.js:106:13)
    at Request.emit (events.js:191:7)
    at Request.<anonymous> (/opt/Opentrons 2.0/resources/app.asar/node_modules/request/request.js:1171:10)
    at emitOne (events.js:96:13)
    at Request.emit (events.js:188:7)
    at IncomingMessage.<anonymous> (/opt/Opentrons 2.0/resources/app.asar/node_modules/request/request.js:1091:12)
    at Object.onceWrapper (events.js:290:19)
    at emitNone (events.js:91:20)
    at IncomingMessage.emit (events.js:185:7)
    at endReadableNT (_stream_readable.js:974:12)
    at _combinedTickCallback (internal/process/next_tick.js:74:11)
    at process._tickCallback (internal/process/next_tick.js:98:9)
2017-12-05T23:43:24.466Z - info: Starting App
2017-12-05T23:43:24.598Z - info: Initializing Audo Updater
2017-12-05T23:43:24.599Z - info: Setting AUTO UPDATE URL to http://ot-app-releases-2.herokuapp.com?version=2.5.2
2017-12-05T23:43:24.600Z - info: Auto updating is enabled, checking for updates
2017-12-05T23:43:26.662Z - info: Loading App UI at http://127.0.0.1:31950/
2017-12-05T23:43:26.669Z - info: Dispatched .loadURL call
2017-12-05T23:50:49.755Z - info: Electron App window closed, quitting App
2017-12-05T23:50:49.804Z - error: Received an expected error while calling exit route StatusCodeError: 500 - "Internal Server Error"
    at new StatusCodeError (/opt/Opentrons 2.0/resources/app.asar/node_modules/request-promise-core/lib/errors.js:32:15)
    at Request.plumbing.callback (/opt/Opentrons 2.0/resources/app.asar/node_modules/request-promise-core/lib/plumbing.js:104:33)
    at Request.RP$callback [as _callback] (/opt/Opentrons 2.0/resources/app.asar/node_modules/request-promise-core/lib/plumbing.js:46:31)
    at Request.self.callback (/opt/Opentrons 2.0/resources/app.asar/node_modules/request/request.js:188:22)
    at emitTwo (events.js:106:13)
    at Request.emit (events.js:191:7)
    at Request.<anonymous> (/opt/Opentrons 2.0/resources/app.asar/node_modules/request/request.js:1171:10)
    at emitOne (events.js:96:13)
    at Request.emit (events.js:188:7)
    at IncomingMessage.<anonymous> (/opt/Opentrons 2.0/resources/app.asar/node_modules/request/request.js:1091:12)
    at Object.onceWrapper (events.js:290:19)
    at emitNone (events.js:91:20)
    at IncomingMessage.emit (events.js:185:7)
    at endReadableNT (_stream_readable.js:974:12)
    at _combinedTickCallback (internal/process/next_tick.js:74:11)
    at process._tickCallback (internal/process/next_tick.js:98:9)
2017-12-05T23:51:14.731Z - info: Starting App
2017-12-05T23:51:14.811Z - info: Initializing Audo Updater
2017-12-05T23:51:14.812Z - info: Setting AUTO UPDATE URL to http://ot-app-releases-2.herokuapp.com?version=2.5.2
2017-12-05T23:51:14.812Z - info: Auto updating is enabled, checking for updates
2017-12-05T23:51:16.887Z - info: Loading App UI at http://127.0.0.1:31950/
2017-12-05T23:51:16.893Z - info: Dispatched .loadURL call
2017-12-05T23:54:46.529Z - info: Starting App
2017-12-05T23:54:46.688Z - info: Initializing Audo Updater
2017-12-05T23:54:46.689Z - info: Setting AUTO UPDATE URL to http://ot-app-releases-2.herokuapp.com?version=2.5.2
2017-12-05T23:54:46.690Z - info: Auto updating is enabled, checking for updates
2017-12-05T23:54:48.783Z - info: Loading App UI at http://127.0.0.1:31950/
2017-12-05T23:54:48.795Z - info: Dispatched .loadURL call
2017-12-06T00:00:46.070Z - info: Electron App window closed, quitting App
2017-12-06T00:00:46.142Z - error: Received an expected error while calling exit route StatusCodeError: 500 - "Internal Server Error"
    at new StatusCodeError (/opt/Opentrons 2.0/resources/app.asar/node_modules/request-promise-core/lib/errors.js:32:15)
    at Request.plumbing.callback (/opt/Opentrons 2.0/resources/app.asar/node_modules/request-promise-core/lib/plumbing.js:104:33)
    at Request.RP$callback [as _callback] (/opt/Opentrons 2.0/resources/app.asar/node_modules/request-promise-core/lib/plumbing.js:46:31)
    at Request.self.callback (/opt/Opentrons 2.0/resources/app.asar/node_modules/request/request.js:188:22)
    at emitTwo (events.js:106:13)
    at Request.emit (events.js:191:7)
    at Request.<anonymous> (/opt/Opentrons 2.0/resources/app.asar/node_modules/request/request.js:1171:10)
    at emitOne (events.js:96:13)
    at Request.emit (events.js:188:7)
    at IncomingMessage.<anonymous> (/opt/Opentrons 2.0/resources/app.asar/node_modules/request/request.js:1091:12)
    at Object.onceWrapper (events.js:290:19)
    at emitNone (events.js:91:20)
    at IncomingMessage.emit (events.js:185:7)
    at endReadableNT (_stream_readable.js:974:12)
    at _combinedTickCallback (internal/process/next_tick.js:74:11)
    at process._tickCallback (internal/process/next_tick.js:98:9)
2017-12-06T00:01:03.852Z - info: Starting App
2017-12-06T00:01:03.923Z - info: Initializing Audo Updater
2017-12-06T00:01:03.924Z - info: Setting AUTO UPDATE URL to http://ot-app-releases-2.herokuapp.com?version=2.5.2
2017-12-06T00:01:03.924Z - info: Auto updating is enabled, checking for updates
2017-12-06T00:01:05.999Z - info: Loading App UI at http://127.0.0.1:31950/
2017-12-06T00:01:06.002Z - info: Dispatched .loadURL call
2017-12-07T17:20:32.071Z - info: Starting App
2017-12-07T17:20:32.215Z - info: Initializing Audo Updater
2017-12-07T17:20:32.216Z - info: Setting AUTO UPDATE URL to http://ot-app-releases-2.herokuapp.com?version=2.5.2
2017-12-07T17:20:32.216Z - info: Auto updating is enabled, checking for updates
2017-12-07T17:20:34.308Z - info: Loading App UI at http://127.0.0.1:31950/
2017-12-07T17:20:34.319Z - info: Dispatched .loadURL call
2017-12-18T18:26:13.692Z - info: Electron App window closed, quitting App
2017-12-18T18:26:13.752Z - error: Received an expected error while calling exit route StatusCodeError: 500 - "Internal Server Error"
    at new StatusCodeError (/opt/Opentrons 2.0/resources/app.asar/node_modules/request-promise-core/lib/errors.js:32:15)
    at Request.plumbing.callback (/opt/Opentrons 2.0/resources/app.asar/node_modules/request-promise-core/lib/plumbing.js:104:33)
    at Request.RP$callback [as _callback] (/opt/Opentrons 2.0/resources/app.asar/node_modules/request-promise-core/lib/plumbing.js:46:31)
    at Request.self.callback (/opt/Opentrons 2.0/resources/app.asar/node_modules/request/request.js:188:22)
    at emitTwo (events.js:106:13)
    at Request.emit (events.js:191:7)
    at Request.<anonymous> (/opt/Opentrons 2.0/resources/app.asar/node_modules/request/request.js:1171:10)
    at emitOne (events.js:96:13)
    at Request.emit (events.js:188:7)
    at IncomingMessage.<anonymous> (/opt/Opentrons 2.0/resources/app.asar/node_modules/request/request.js:1091:12)
    at Object.onceWrapper (events.js:290:19)
    at emitNone (events.js:91:20)
    at IncomingMessage.emit (events.js:185:7)
    at endReadableNT (_stream_readable.js:974:12)
    at _combinedTickCallback (internal/process/next_tick.js:74:11)
    at process._tickCallback (internal/process/next_tick.js:98:9)
2017-12-18T18:26:28.356Z - info: Starting App
2017-12-18T18:26:28.473Z - info: Initializing Audo Updater
2017-12-18T18:26:28.473Z - info: Setting AUTO UPDATE URL to http://ot-app-releases-2.herokuapp.com?version=2.5.2
2017-12-18T18:26:28.474Z - info: Auto updating is enabled, checking for updates
2017-12-18T18:26:30.541Z - info: Loading App UI at http://127.0.0.1:31950/
2017-12-18T18:26:30.550Z - info: Dispatched .loadURL call
2017-12-19T00:58:23.123Z - info: Electron App window closed, quitting App
2017-12-19T00:58:23.161Z - error: Received an expected error while calling exit route StatusCodeError: 500 - "Internal Server Error"
    at new StatusCodeError (/opt/Opentrons 2.0/resources/app.asar/node_modules/request-promise-core/lib/errors.js:32:15)
    at Request.plumbing.callback (/opt/Opentrons 2.0/resources/app.asar/node_modules/request-promise-core/lib/plumbing.js:104:33)
    at Request.RP$callback [as _callback] (/opt/Opentrons 2.0/resources/app.asar/node_modules/request-promise-core/lib/plumbing.js:46:31)
    at Request.self.callback (/opt/Opentrons 2.0/resources/app.asar/node_modules/request/request.js:188:22)
    at emitTwo (events.js:106:13)
    at Request.emit (events.js:191:7)
    at Request.<anonymous> (/opt/Opentrons 2.0/resources/app.asar/node_modules/request/request.js:1171:10)
    at emitOne (events.js:96:13)
    at Request.emit (events.js:188:7)
    at IncomingMessage.<anonymous> (/opt/Opentrons 2.0/resources/app.asar/node_modules/request/request.js:1091:12)
    at Object.onceWrapper (events.js:290:19)
    at emitNone (events.js:91:20)
    at IncomingMessage.emit (events.js:185:7)
    at endReadableNT (_stream_readable.js:974:12)
    at _combinedTickCallback (internal/process/next_tick.js:74:11)
    at process._tickCallback (internal/process/next_tick.js:98:9)
2017-12-19T00:58:40.250Z - info: Starting App
2017-12-19T00:58:40.356Z - info: Initializing Audo Updater
2017-12-19T00:58:40.356Z - info: Setting AUTO UPDATE URL to http://ot-app-releases-2.herokuapp.com?version=2.5.2
2017-12-19T00:58:40.357Z - info: Auto updating is enabled, checking for updates
2017-12-19T00:58:42.446Z - info: Loading App UI at http://127.0.0.1:31950/
2017-12-19T00:58:42.454Z - info: Dispatched .loadURL call
2017-12-19T02:47:22.643Z - info: Electron App window closed, quitting App
2017-12-19T02:47:22.690Z - error: Received an expected error while calling exit route StatusCodeError: 500 - "Internal Server Error"
    at new StatusCodeError (/opt/Opentrons 2.0/resources/app.asar/node_modules/request-promise-core/lib/errors.js:32:15)
    at Request.plumbing.callback (/opt/Opentrons 2.0/resources/app.asar/node_modules/request-promise-core/lib/plumbing.js:104:33)
    at Request.RP$callback [as _callback] (/opt/Opentrons 2.0/resources/app.asar/node_modules/request-promise-core/lib/plumbing.js:46:31)
    at Request.self.callback (/opt/Opentrons 2.0/resources/app.asar/node_modules/request/request.js:188:22)
    at emitTwo (events.js:106:13)
    at Request.emit (events.js:191:7)
    at Request.<anonymous> (/opt/Opentrons 2.0/resources/app.asar/node_modules/request/request.js:1171:10)
    at emitOne (events.js:96:13)
    at Request.emit (events.js:188:7)
    at IncomingMessage.<anonymous> (/opt/Opentrons 2.0/resources/app.asar/node_modules/request/request.js:1091:12)
    at Object.onceWrapper (events.js:290:19)
    at emitNone (events.js:91:20)
    at IncomingMessage.emit (events.js:185:7)
    at endReadableNT (_stream_readable.js:974:12)
    at _combinedTickCallback (internal/process/next_tick.js:74:11)
    at process._tickCallback (internal/process/next_tick.js:98:9)
2017-12-19T19:31:53.881Z - info: Starting App
2017-12-19T19:31:54.003Z - info: Initializing Audo Updater
2017-12-19T19:31:54.004Z - info: Setting AUTO UPDATE URL to http://ot-app-releases-2.herokuapp.com?version=2.5.2
2017-12-19T19:31:54.004Z - info: Auto updating is enabled, checking for updates
2017-12-19T19:31:56.080Z - info: Loading App UI at http://127.0.0.1:31950/
2017-12-19T19:31:56.088Z - info: Dispatched .loadURL call
2017-12-19T22:17:11.589Z - info: Electron App window closed, quitting App
2017-12-19T22:17:11.631Z - error: Received an expected error while calling exit route StatusCodeError: 500 - "Internal Server Error"
    at new StatusCodeError (/opt/Opentrons 2.0/resources/app.asar/node_modules/request-promise-core/lib/errors.js:32:15)
    at Request.plumbing.callback (/opt/Opentrons 2.0/resources/app.asar/node_modules/request-promise-core/lib/plumbing.js:104:33)
    at Request.RP$callback [as _callback] (/opt/Opentrons 2.0/resources/app.asar/node_modules/request-promise-core/lib/plumbing.js:46:31)
    at Request.self.callback (/opt/Opentrons 2.0/resources/app.asar/node_modules/request/request.js:188:22)
    at emitTwo (events.js:106:13)
    at Request.emit (events.js:191:7)
    at Request.<anonymous> (/opt/Opentrons 2.0/resources/app.asar/node_modules/request/request.js:1171:10)
    at emitOne (events.js:96:13)
    at Request.emit (events.js:188:7)
    at IncomingMessage.<anonymous> (/opt/Opentrons 2.0/resources/app.asar/node_modules/request/request.js:1091:12)
    at Object.onceWrapper (events.js:290:19)
    at emitNone (events.js:91:20)
    at IncomingMessage.emit (events.js:185:7)
    at endReadableNT (_stream_readable.js:974:12)
    at _combinedTickCallback (internal/process/next_tick.js:74:11)
    at process._tickCallback (internal/process/next_tick.js:98:9)
2017-12-19T22:17:19.144Z - info: Starting App
2017-12-19T22:17:19.210Z - info: Initializing Audo Updater
2017-12-19T22:17:19.210Z - info: Setting AUTO UPDATE URL to http://ot-app-releases-2.herokuapp.com?version=2.5.2
2017-12-19T22:17:19.210Z - info: Auto updating is enabled, checking for updates
2017-12-19T22:17:21.313Z - info: Loading App UI at http://127.0.0.1:31950/
2017-12-19T22:17:21.319Z - info: Dispatched .loadURL call
2017-12-20T02:59:29.860Z - info: Electron App window closed, quitting App
2017-12-20T02:59:29.907Z - error: Received an expected error while calling exit route StatusCodeError: 500 - "Internal Server Error"
    at new StatusCodeError (/opt/Opentrons 2.0/resources/app.asar/node_modules/request-promise-core/lib/errors.js:32:15)
    at Request.plumbing.callback (/opt/Opentrons 2.0/resources/app.asar/node_modules/request-promise-core/lib/plumbing.js:104:33)
    at Request.RP$callback [as _callback] (/opt/Opentrons 2.0/resources/app.asar/node_modules/request-promise-core/lib/plumbing.js:46:31)
    at Request.self.callback (/opt/Opentrons 2.0/resources/app.asar/node_modules/request/request.js:188:22)
    at emitTwo (events.js:106:13)
    at Request.emit (events.js:191:7)
    at Request.<anonymous> (/opt/Opentrons 2.0/resources/app.asar/node_modules/request/request.js:1171:10)
    at emitOne (events.js:96:13)
    at Request.emit (events.js:188:7)
    at IncomingMessage.<anonymous> (/opt/Opentrons 2.0/resources/app.asar/node_modules/request/request.js:1091:12)
    at Object.onceWrapper (events.js:290:19)
    at emitNone (events.js:91:20)
    at IncomingMessage.emit (events.js:185:7)
    at endReadableNT (_stream_readable.js:974:12)
    at _combinedTickCallback (internal/process/next_tick.js:74:11)
    at process._tickCallback (internal/process/next_tick.js:98:9)
2017-12-20T17:36:42.804Z - info: Starting App
2017-12-20T17:36:42.922Z - info: Initializing Audo Updater
2017-12-20T17:36:42.922Z - info: Setting AUTO UPDATE URL to http://ot-app-releases-2.herokuapp.com?version=2.5.2
2017-12-20T17:36:42.922Z - info: Auto updating is enabled, checking for updates
2017-12-20T17:36:44.998Z - info: Loading App UI at http://127.0.0.1:31950/
2017-12-20T17:36:45.006Z - info: Dispatched .loadURL call
2017-12-21T00:55:07.335Z - info: Uncaught Exception:  Error: Command failed: /tmp/.org.chromium.Chromium.JTiY37 /opt/Opentrons 2.0/resources/app.asar.unpacked/ui
usage: .org.chromium.Chromium.JTiY37 [-h] [-r]
.org.chromium.Chromium.JTiY37: error: unrecognized arguments: /opt/Opentrons 2.0/resources/app.asar.unpacked/ui

    at ChildProcess.exithandler (child_process.js:223:12)
    at emitTwo (events.js:106:13)
    at ChildProcess.emit (events.js:191:7)
    at maybeClose (internal/child_process.js:885:16)
    at Socket.<anonymous> (internal/child_process.js:334:11)
    at emitOne (events.js:96:13)
    at Socket.emit (events.js:188:7)
    at Pipe._handle.close [as _onclose] (net.js:501:12)
2017-12-21T00:55:23.048Z - info: Electron App window closed, quitting App
2017-12-21T00:55:23.072Z - error: Received an expected error while calling exit route RequestError: Error: connect ECONNREFUSED 127.0.0.1:31950
    at new RequestError (/opt/Opentrons 2.0/resources/app.asar/node_modules/request-promise-core/lib/errors.js:14:15)
    at Request.plumbing.callback (/opt/Opentrons 2.0/resources/app.asar/node_modules/request-promise-core/lib/plumbing.js:87:29)
    at Request.RP$callback [as _callback] (/opt/Opentrons 2.0/resources/app.asar/node_modules/request-promise-core/lib/plumbing.js:46:31)
    at self.callback (/opt/Opentrons 2.0/resources/app.asar/node_modules/request/request.js:188:22)
    at emitOne (events.js:96:13)
    at Request.emit (events.js:188:7)
    at Request.onRequestError (/opt/Opentrons 2.0/resources/app.asar/node_modules/request/request.js:884:8)
    at emitOne (events.js:96:13)
    at ClientRequest.emit (events.js:188:7)
    at Socket.socketErrorListener (_http_client.js:309:9)
    at emitOne (events.js:96:13)
    at Socket.emit (events.js:188:7)
    at emitErrorNT (net.js:1281:8)
    at _combinedTickCallback (internal/process/next_tick.js:74:11)
    at process._tickCallback (internal/process/next_tick.js:98:9)
2017-12-21T00:55:28.952Z - info: Starting App
2017-12-21T00:55:29.033Z - info: Initializing Audo Updater
2017-12-21T00:55:29.033Z - info: Setting AUTO UPDATE URL to http://ot-app-releases-2.herokuapp.com?version=2.5.2
2017-12-21T00:55:29.034Z - info: Auto updating is enabled, checking for updates
2017-12-21T00:55:31.109Z - info: Loading App UI at http://127.0.0.1:31950/
2017-12-21T00:55:31.117Z - info: Dispatched .loadURL call
2017-12-21T00:55:43.535Z - info: Uncaught Exception:  Error: Command failed: /tmp/.org.chromium.Chromium.cZNBZG /opt/Opentrons 2.0/resources/app.asar.unpacked/ui
usage: .org.chromium.Chromium.cZNBZG [-h] [-r]
.org.chromium.Chromium.cZNBZG: error: unrecognized arguments: /opt/Opentrons 2.0/resources/app.asar.unpacked/ui

    at ChildProcess.exithandler (child_process.js:223:12)
    at emitTwo (events.js:106:13)
    at ChildProcess.emit (events.js:191:7)
    at maybeClose (internal/child_process.js:885:16)
    at Socket.<anonymous> (internal/child_process.js:334:11)
    at emitOne (events.js:96:13)
    at Socket.emit (events.js:188:7)
    at Pipe._handle.close [as _onclose] (net.js:501:12)
2017-12-21T01:00:47.739Z - info: Electron App window closed, quitting App
2017-12-21T01:00:47.773Z - error: Received an expected error while calling exit route RequestError: Error: connect ECONNREFUSED 127.0.0.1:31950
    at new RequestError (/opt/Opentrons 2.0/resources/app.asar/node_modules/request-promise-core/lib/errors.js:14:15)
    at Request.plumbing.callback (/opt/Opentrons 2.0/resources/app.asar/node_modules/request-promise-core/lib/plumbing.js:87:29)
    at Request.RP$callback [as _callback] (/opt/Opentrons 2.0/resources/app.asar/node_modules/request-promise-core/lib/plumbing.js:46:31)
    at self.callback (/opt/Opentrons 2.0/resources/app.asar/node_modules/request/request.js:188:22)
    at emitOne (events.js:96:13)
    at Request.emit (events.js:188:7)
    at Request.onRequestError (/opt/Opentrons 2.0/resources/app.asar/node_modules/request/request.js:884:8)
    at emitOne (events.js:96:13)
    at ClientRequest.emit (events.js:188:7)
    at Socket.socketErrorListener (_http_client.js:309:9)
    at emitOne (events.js:96:13)
    at Socket.emit (events.js:188:7)
    at emitErrorNT (net.js:1281:8)
    at _combinedTickCallback (internal/process/next_tick.js:74:11)
    at process._tickCallback (internal/process/next_tick.js:98:9)
2017-12-21T01:00:55.068Z - info: Starting App
2017-12-21T01:00:55.145Z - info: Initializing Audo Updater
2017-12-21T01:00:55.145Z - info: Setting AUTO UPDATE URL to http://ot-app-releases-2.herokuapp.com?version=2.5.2
2017-12-21T01:00:55.146Z - info: Auto updating is enabled, checking for updates
2017-12-21T01:00:57.222Z - info: Loading App UI at http://127.0.0.1:31950/
2017-12-21T01:00:57.230Z - info: Dispatched .loadURL call
2017-12-21T23:59:34.918Z - info: Electron App window closed, quitting App
2017-12-21T23:59:34.956Z - error: Received an expected error while calling exit route StatusCodeError: 500 - "Internal Server Error"
    at new StatusCodeError (/opt/Opentrons 2.0/resources/app.asar/node_modules/request-promise-core/lib/errors.js:32:15)
    at Request.plumbing.callback (/opt/Opentrons 2.0/resources/app.asar/node_modules/request-promise-core/lib/plumbing.js:104:33)
    at Request.RP$callback [as _callback] (/opt/Opentrons 2.0/resources/app.asar/node_modules/request-promise-core/lib/plumbing.js:46:31)
    at Request.self.callback (/opt/Opentrons 2.0/resources/app.asar/node_modules/request/request.js:188:22)
    at emitTwo (events.js:106:13)
    at Request.emit (events.js:191:7)
    at Request.<anonymous> (/opt/Opentrons 2.0/resources/app.asar/node_modules/request/request.js:1171:10)
    at emitOne (events.js:96:13)
    at Request.emit (events.js:188:7)
    at IncomingMessage.<anonymous> (/opt/Opentrons 2.0/resources/app.asar/node_modules/request/request.js:1091:12)
    at Object.onceWrapper (events.js:290:19)
    at emitNone (events.js:91:20)
    at IncomingMessage.emit (events.js:185:7)
    at endReadableNT (_stream_readable.js:974:12)
    at _combinedTickCallback (internal/process/next_tick.js:74:11)
    at process._tickCallback (internal/process/next_tick.js:98:9)
2018-01-09T01:43:31.820Z - info: Starting App
2018-01-09T01:43:31.973Z - info: Initializing Audo Updater
2018-01-09T01:43:31.974Z - info: Setting AUTO UPDATE URL to http://ot-app-releases-2.herokuapp.com?version=2.5.2
2018-01-09T01:43:31.974Z - info: Auto updating is enabled, checking for updates
2018-01-09T01:43:34.055Z - info: Loading App UI at http://127.0.0.1:31950/
2018-01-09T01:43:34.065Z - info: Dispatched .loadURL call
2018-01-09T02:27:52.323Z - info: Electron App window closed, quitting App
2018-01-09T02:27:52.427Z - error: Received an expected error while calling exit route StatusCodeError: 500 - "Internal Server Error"
    at new StatusCodeError (/opt/Opentrons 2.0/resources/app.asar/node_modules/request-promise-core/lib/errors.js:32:15)
    at Request.plumbing.callback (/opt/Opentrons 2.0/resources/app.asar/node_modules/request-promise-core/lib/plumbing.js:104:33)
    at Request.RP$callback [as _callback] (/opt/Opentrons 2.0/resources/app.asar/node_modules/request-promise-core/lib/plumbing.js:46:31)
    at Request.self.callback (/opt/Opentrons 2.0/resources/app.asar/node_modules/request/request.js:188:22)
    at emitTwo (events.js:106:13)
    at Request.emit (events.js:191:7)
    at Request.<anonymous> (/opt/Opentrons 2.0/resources/app.asar/node_modules/request/request.js:1171:10)
    at emitOne (events.js:96:13)
    at Request.emit (events.js:188:7)
    at IncomingMessage.<anonymous> (/opt/Opentrons 2.0/resources/app.asar/node_modules/request/request.js:1091:12)
    at Object.onceWrapper (events.js:290:19)
    at emitNone (events.js:91:20)
    at IncomingMessage.emit (events.js:185:7)
    at endReadableNT (_stream_readable.js:974:12)
    at _combinedTickCallback (internal/process/next_tick.js:74:11)
    at process._tickCallback (internal/process/next_tick.js:98:9)
2018-01-10T17:54:50.224Z - info: Starting App
2018-01-10T17:54:50.344Z - info: Initializing Audo Updater
2018-01-10T17:54:50.344Z - info: Setting AUTO UPDATE URL to http://ot-app-releases-2.herokuapp.com?version=2.5.2
2018-01-10T17:54:50.344Z - info: Auto updating is enabled, checking for updates
2018-01-10T17:54:52.435Z - info: Loading App UI at http://127.0.0.1:31950/
2018-01-10T17:54:52.445Z - info: Dispatched .loadURL call
2018-01-11T21:45:06.287Z - info: Electron App window closed, quitting App
2018-01-11T21:45:06.371Z - error: Received an expected error while calling exit route StatusCodeError: 500 - "Internal Server Error"
    at new StatusCodeError (/opt/Opentrons 2.0/resources/app.asar/node_modules/request-promise-core/lib/errors.js:32:15)
    at Request.plumbing.callback (/opt/Opentrons 2.0/resources/app.asar/node_modules/request-promise-core/lib/plumbing.js:104:33)
    at Request.RP$callback [as _callback] (/opt/Opentrons 2.0/resources/app.asar/node_modules/request-promise-core/lib/plumbing.js:46:31)
    at Request.self.callback (/opt/Opentrons 2.0/resources/app.asar/node_modules/request/request.js:188:22)
    at emitTwo (events.js:106:13)
    at Request.emit (events.js:191:7)
    at Request.<anonymous> (/opt/Opentrons 2.0/resources/app.asar/node_modules/request/request.js:1171:10)
    at emitOne (events.js:96:13)
    at Request.emit (events.js:188:7)
    at IncomingMessage.<anonymous> (/opt/Opentrons 2.0/resources/app.asar/node_modules/request/request.js:1091:12)
    at Object.onceWrapper (events.js:290:19)
    at emitNone (events.js:91:20)
    at IncomingMessage.emit (events.js:185:7)
    at endReadableNT (_stream_readable.js:974:12)
    at _combinedTickCallback (internal/process/next_tick.js:74:11)
    at process._tickCallback (internal/process/next_tick.js:98:9)
2018-01-11T21:45:32.831Z - info: Starting App
2018-01-11T21:45:32.961Z - info: Initializing Audo Updater
2018-01-11T21:45:32.962Z - info: Setting AUTO UPDATE URL to http://ot-app-releases-2.herokuapp.com?version=2.5.2
2018-01-11T21:45:32.963Z - info: Auto updating is enabled, checking for updates
2018-01-11T21:45:35.029Z - info: Loading App UI at http://127.0.0.1:31950/
2018-01-11T21:45:35.035Z - info: Dispatched .loadURL call
2018-01-22T17:21:27.890Z - info: Electron App window closed, quitting App
2018-01-22T17:21:27.959Z - error: Received an expected error while calling exit route StatusCodeError: 500 - "Internal Server Error"
    at new StatusCodeError (/opt/Opentrons 2.0/resources/app.asar/node_modules/request-promise-core/lib/errors.js:32:15)
    at Request.plumbing.callback (/opt/Opentrons 2.0/resources/app.asar/node_modules/request-promise-core/lib/plumbing.js:104:33)
    at Request.RP$callback [as _callback] (/opt/Opentrons 2.0/resources/app.asar/node_modules/request-promise-core/lib/plumbing.js:46:31)
    at Request.self.callback (/opt/Opentrons 2.0/resources/app.asar/node_modules/request/request.js:188:22)
    at emitTwo (events.js:106:13)
    at Request.emit (events.js:191:7)
    at Request.<anonymous> (/opt/Opentrons 2.0/resources/app.asar/node_modules/request/request.js:1171:10)
    at emitOne (events.js:96:13)
    at Request.emit (events.js:188:7)
    at IncomingMessage.<anonymous> (/opt/Opentrons 2.0/resources/app.asar/node_modules/request/request.js:1091:12)
    at Object.onceWrapper (events.js:290:19)
    at emitNone (events.js:91:20)
    at IncomingMessage.emit (events.js:185:7)
    at endReadableNT (_stream_readable.js:974:12)
    at _combinedTickCallback (internal/process/next_tick.js:74:11)
    at process._tickCallback (internal/process/next_tick.js:98:9)
2018-01-22T17:22:01.586Z - info: Starting App
2018-01-22T17:22:01.715Z - info: Initializing Audo Updater
2018-01-22T17:22:01.715Z - info: Setting AUTO UPDATE URL to http://ot-app-releases-2.herokuapp.com?version=2.5.2
2018-01-22T17:22:01.716Z - info: Auto updating is enabled, checking for updates
2018-01-22T17:22:03.783Z - info: Loading App UI at http://127.0.0.1:31950/
2018-01-22T17:22:03.791Z - info: Dispatched .loadURL call
2018-01-24T00:37:40.915Z - info: Electron App window closed, quitting App
2018-01-24T00:37:40.975Z - error: Received an expected error while calling exit route StatusCodeError: 500 - "Internal Server Error"
    at new StatusCodeError (/opt/Opentrons 2.0/resources/app.asar/node_modules/request-promise-core/lib/errors.js:32:15)
    at Request.plumbing.callback (/opt/Opentrons 2.0/resources/app.asar/node_modules/request-promise-core/lib/plumbing.js:104:33)
    at Request.RP$callback [as _callback] (/opt/Opentrons 2.0/resources/app.asar/node_modules/request-promise-core/lib/plumbing.js:46:31)
    at Request.self.callback (/opt/Opentrons 2.0/resources/app.asar/node_modules/request/request.js:188:22)
    at emitTwo (events.js:106:13)
    at Request.emit (events.js:191:7)
    at Request.<anonymous> (/opt/Opentrons 2.0/resources/app.asar/node_modules/request/request.js:1171:10)
    at emitOne (events.js:96:13)
    at Request.emit (events.js:188:7)
    at IncomingMessage.<anonymous> (/opt/Opentrons 2.0/resources/app.asar/node_modules/request/request.js:1091:12)
    at Object.onceWrapper (events.js:290:19)
    at emitNone (events.js:91:20)
    at IncomingMessage.emit (events.js:185:7)
    at endReadableNT (_stream_readable.js:974:12)
    at _combinedTickCallback (internal/process/next_tick.js:74:11)
    at process._tickCallback (internal/process/next_tick.js:98:9)
2018-01-24T00:37:47.085Z - info: Starting App
2018-01-24T00:37:47.212Z - info: Initializing Audo Updater
2018-01-24T00:37:47.212Z - info: Setting AUTO UPDATE URL to http://ot-app-releases-2.herokuapp.com?version=2.5.2
2018-01-24T00:37:47.212Z - info: Auto updating is enabled, checking for updates
2018-01-24T00:37:49.290Z - info: Loading App UI at http://127.0.0.1:31950/
2018-01-24T00:37:49.299Z - info: Dispatched .loadURL call
2018-01-24T02:28:25.419Z - info: Electron App window closed, quitting App
2018-01-24T02:28:25.455Z - error: Received an expected error while calling exit route StatusCodeError: 500 - "Internal Server Error"
    at new StatusCodeError (/opt/Opentrons 2.0/resources/app.asar/node_modules/request-promise-core/lib/errors.js:32:15)
    at Request.plumbing.callback (/opt/Opentrons 2.0/resources/app.asar/node_modules/request-promise-core/lib/plumbing.js:104:33)
    at Request.RP$callback [as _callback] (/opt/Opentrons 2.0/resources/app.asar/node_modules/request-promise-core/lib/plumbing.js:46:31)
    at Request.self.callback (/opt/Opentrons 2.0/resources/app.asar/node_modules/request/request.js:188:22)
    at emitTwo (events.js:106:13)
    at Request.emit (events.js:191:7)
    at Request.<anonymous> (/opt/Opentrons 2.0/resources/app.asar/node_modules/request/request.js:1171:10)
    at emitOne (events.js:96:13)
    at Request.emit (events.js:188:7)
    at IncomingMessage.<anonymous> (/opt/Opentrons 2.0/resources/app.asar/node_modules/request/request.js:1091:12)
    at Object.onceWrapper (events.js:290:19)
    at emitNone (events.js:91:20)
    at IncomingMessage.emit (events.js:185:7)
    at endReadableNT (_stream_readable.js:974:12)
    at _combinedTickCallback (internal/process/next_tick.js:74:11)
    at process._tickCallback (internal/process/next_tick.js:98:9)
2018-01-24T02:28:36.423Z - info: Starting App
2018-01-24T02:28:36.543Z - info: Initializing Audo Updater
2018-01-24T02:28:36.544Z - info: Setting AUTO UPDATE URL to http://ot-app-releases-2.herokuapp.com?version=2.5.2
2018-01-24T02:28:36.544Z - info: Auto updating is enabled, checking for updates
2018-01-24T02:28:38.623Z - info: Loading App UI at http://127.0.0.1:31950/
2018-01-24T02:28:38.631Z - info: Dispatched .loadURL call
2018-01-24T22:58:13.760Z - info: Electron App window closed, quitting App
2018-01-24T22:58:13.837Z - error: Received an expected error while calling exit route StatusCodeError: 500 - "Internal Server Error"
    at new StatusCodeError (/opt/Opentrons 2.0/resources/app.asar/node_modules/request-promise-core/lib/errors.js:32:15)
    at Request.plumbing.callback (/opt/Opentrons 2.0/resources/app.asar/node_modules/request-promise-core/lib/plumbing.js:104:33)
    at Request.RP$callback [as _callback] (/opt/Opentrons 2.0/resources/app.asar/node_modules/request-promise-core/lib/plumbing.js:46:31)
    at Request.self.callback (/opt/Opentrons 2.0/resources/app.asar/node_modules/request/request.js:188:22)
    at emitTwo (events.js:106:13)
    at Request.emit (events.js:191:7)
    at Request.<anonymous> (/opt/Opentrons 2.0/resources/app.asar/node_modules/request/request.js:1171:10)
    at emitOne (events.js:96:13)
    at Request.emit (events.js:188:7)
    at IncomingMessage.<anonymous> (/opt/Opentrons 2.0/resources/app.asar/node_modules/request/request.js:1091:12)
    at Object.onceWrapper (events.js:290:19)
    at emitNone (events.js:91:20)
    at IncomingMessage.emit (events.js:185:7)
    at endReadableNT (_stream_readable.js:974:12)
    at _combinedTickCallback (internal/process/next_tick.js:74:11)
    at process._tickCallback (internal/process/next_tick.js:98:9)
2018-01-24T23:00:47.284Z - info: Starting App
2018-01-24T23:00:47.405Z - info: Initializing Audo Updater
2018-01-24T23:00:47.405Z - info: Setting AUTO UPDATE URL to http://ot-app-releases-2.herokuapp.com?version=2.5.2
2018-01-24T23:00:47.406Z - info: Auto updating is enabled, checking for updates
2018-01-24T23:00:49.483Z - info: Loading App UI at http://127.0.0.1:31950/
2018-01-24T23:00:49.490Z - info: Dispatched .loadURL call
2018-01-25T00:41:57.915Z - info: Electron App window closed, quitting App
2018-01-25T00:41:57.953Z - error: Received an expected error while calling exit route StatusCodeError: 500 - "Internal Server Error"
    at new StatusCodeError (/opt/Opentrons 2.0/resources/app.asar/node_modules/request-promise-core/lib/errors.js:32:15)
    at Request.plumbing.callback (/opt/Opentrons 2.0/resources/app.asar/node_modules/request-promise-core/lib/plumbing.js:104:33)
    at Request.RP$callback [as _callback] (/opt/Opentrons 2.0/resources/app.asar/node_modules/request-promise-core/lib/plumbing.js:46:31)
    at Request.self.callback (/opt/Opentrons 2.0/resources/app.asar/node_modules/request/request.js:188:22)
    at emitTwo (events.js:106:13)
    at Request.emit (events.js:191:7)
    at Request.<anonymous> (/opt/Opentrons 2.0/resources/app.asar/node_modules/request/request.js:1171:10)
    at emitOne (events.js:96:13)
    at Request.emit (events.js:188:7)
    at IncomingMessage.<anonymous> (/opt/Opentrons 2.0/resources/app.asar/node_modules/request/request.js:1091:12)
    at Object.onceWrapper (events.js:290:19)
    at emitNone (events.js:91:20)
    at IncomingMessage.emit (events.js:185:7)
    at endReadableNT (_stream_readable.js:974:12)
    at _combinedTickCallback (internal/process/next_tick.js:74:11)
    at process._tickCallback (internal/process/next_tick.js:98:9)
2018-01-25T00:42:12.936Z - info: Starting App
2018-01-25T00:42:13.026Z - info: Initializing Audo Updater
2018-01-25T00:42:13.028Z - info: Setting AUTO UPDATE URL to http://ot-app-releases-2.herokuapp.com?version=2.5.2
2018-01-25T00:42:13.028Z - info: Auto updating is enabled, checking for updates
2018-01-25T00:42:15.100Z - info: Loading App UI at http://127.0.0.1:31950/
2018-01-25T00:42:15.102Z - info: Dispatched .loadURL call
2018-01-25T00:47:52.384Z - info: Electron App window closed, quitting App
2018-01-25T00:47:52.424Z - error: Received an expected error while calling exit route StatusCodeError: 500 - "Internal Server Error"
    at new StatusCodeError (/opt/Opentrons 2.0/resources/app.asar/node_modules/request-promise-core/lib/errors.js:32:15)
    at Request.plumbing.callback (/opt/Opentrons 2.0/resources/app.asar/node_modules/request-promise-core/lib/plumbing.js:104:33)
    at Request.RP$callback [as _callback] (/opt/Opentrons 2.0/resources/app.asar/node_modules/request-promise-core/lib/plumbing.js:46:31)
    at Request.self.callback (/opt/Opentrons 2.0/resources/app.asar/node_modules/request/request.js:188:22)
    at emitTwo (events.js:106:13)
    at Request.emit (events.js:191:7)
    at Request.<anonymous> (/opt/Opentrons 2.0/resources/app.asar/node_modules/request/request.js:1171:10)
    at emitOne (events.js:96:13)
    at Request.emit (events.js:188:7)
    at IncomingMessage.<anonymous> (/opt/Opentrons 2.0/resources/app.asar/node_modules/request/request.js:1091:12)
    at Object.onceWrapper (events.js:290:19)
    at emitNone (events.js:91:20)
    at IncomingMessage.emit (events.js:185:7)
    at endReadableNT (_stream_readable.js:974:12)
    at _combinedTickCallback (internal/process/next_tick.js:74:11)
    at process._tickCallback (internal/process/next_tick.js:98:9)
2018-01-25T00:48:07.303Z - info: Starting App
2018-01-25T00:48:07.377Z - info: Initializing Audo Updater
2018-01-25T00:48:07.377Z - info: Setting AUTO UPDATE URL to http://ot-app-releases-2.herokuapp.com?version=2.5.2
2018-01-25T00:48:07.377Z - info: Auto updating is enabled, checking for updates
2018-01-25T00:48:09.448Z - info: Loading App UI at http://127.0.0.1:31950/
2018-01-25T00:48:09.452Z - info: Dispatched .loadURL call
2018-01-25T00:48:10.627Z - info: Starting App
2018-01-25T00:48:10.799Z - info: Initializing Audo Updater
2018-01-25T00:48:10.800Z - info: Setting AUTO UPDATE URL to http://ot-app-releases-2.herokuapp.com?version=2.5.2
2018-01-25T00:48:10.801Z - info: Auto updating is enabled, checking for updates
2018-01-25T00:48:11.887Z - info: Loading App UI at http://127.0.0.1:31950/
2018-01-25T00:48:11.895Z - info: Dispatched .loadURL call
2018-01-25T00:48:17.899Z - info: Electron App window closed, quitting App
2018-01-25T00:48:17.926Z - error: Received an expected error while calling exit route StatusCodeError: 500 - "Internal Server Error"
    at new StatusCodeError (/opt/Opentrons 2.0/resources/app.asar/node_modules/request-promise-core/lib/errors.js:32:15)
    at Request.plumbing.callback (/opt/Opentrons 2.0/resources/app.asar/node_modules/request-promise-core/lib/plumbing.js:104:33)
    at Request.RP$callback [as _callback] (/opt/Opentrons 2.0/resources/app.asar/node_modules/request-promise-core/lib/plumbing.js:46:31)
    at Request.self.callback (/opt/Opentrons 2.0/resources/app.asar/node_modules/request/request.js:188:22)
    at emitTwo (events.js:106:13)
    at Request.emit (events.js:191:7)
    at Request.<anonymous> (/opt/Opentrons 2.0/resources/app.asar/node_modules/request/request.js:1171:10)
    at emitOne (events.js:96:13)
    at Request.emit (events.js:188:7)
    at IncomingMessage.<anonymous> (/opt/Opentrons 2.0/resources/app.asar/node_modules/request/request.js:1091:12)
    at Object.onceWrapper (events.js:290:19)
    at emitNone (events.js:91:20)
    at IncomingMessage.emit (events.js:185:7)
    at endReadableNT (_stream_readable.js:974:12)
    at _combinedTickCallback (internal/process/next_tick.js:74:11)
    at process._tickCallback (internal/process/next_tick.js:98:9)
2018-01-25T00:48:45.442Z - info: Electron App window closed, quitting App
2018-01-25T00:48:45.455Z - error: Received an expected error while calling exit route RequestError: Error: connect ECONNREFUSED 127.0.0.1:31950
    at new RequestError (/opt/Opentrons 2.0/resources/app.asar/node_modules/request-promise-core/lib/errors.js:14:15)
    at Request.plumbing.callback (/opt/Opentrons 2.0/resources/app.asar/node_modules/request-promise-core/lib/plumbing.js:87:29)
    at Request.RP$callback [as _callback] (/opt/Opentrons 2.0/resources/app.asar/node_modules/request-promise-core/lib/plumbing.js:46:31)
    at self.callback (/opt/Opentrons 2.0/resources/app.asar/node_modules/request/request.js:188:22)
    at emitOne (events.js:96:13)
    at Request.emit (events.js:188:7)
    at Request.onRequestError (/opt/Opentrons 2.0/resources/app.asar/node_modules/request/request.js:884:8)
    at emitOne (events.js:96:13)
    at ClientRequest.emit (events.js:188:7)
    at Socket.socketErrorListener (_http_client.js:309:9)
    at emitOne (events.js:96:13)
    at Socket.emit (events.js:188:7)
    at emitErrorNT (net.js:1281:8)
    at _combinedTickCallback (internal/process/next_tick.js:74:11)
    at process._tickCallback (internal/process/next_tick.js:98:9)
2018-01-25T00:48:52.590Z - info: Starting App
2018-01-25T00:48:52.670Z - info: Initializing Audo Updater
2018-01-25T00:48:52.671Z - info: Setting AUTO UPDATE URL to http://ot-app-releases-2.herokuapp.com?version=2.5.2
2018-01-25T00:48:52.672Z - info: Auto updating is enabled, checking for updates
2018-01-25T00:48:54.736Z - info: Loading App UI at http://127.0.0.1:31950/
2018-01-25T00:48:54.739Z - info: Dispatched .loadURL call
2018-01-26T02:16:40.743Z - info: Starting App
2018-01-26T02:16:40.830Z - info: Initializing Audo Updater
2018-01-26T02:16:40.830Z - info: Setting AUTO UPDATE URL to http://ot-app-releases-2.herokuapp.com?version=2.5.2
2018-01-26T02:16:40.831Z - info: Auto updating is enabled, checking for updates
2018-01-26T02:16:41.618Z - info: Uncaught Exception:  Error: Command failed: /tmp/.org.chromium.Chromium.vpZByx /opt/Opentrons 2.0/resources/app.asar.unpacked/ui
Failed to execute script main
Traceback (most recent call last):
  File "opentrons/server/main.py", line 933, in <module>
  File "opentrons/server/main.py", line 928, in start
  File "site-packages/flask_socketio/__init__.py", line 466, in run
  File "site-packages/gevent/baseserver.py", line 360, in serve_forever
  File "site-packages/gevent/baseserver.py", line 304, in start
  File "site-packages/gevent/pywsgi.py", line 1450, in init_socket
  File "site-packages/gevent/server.py", line 127, in init_socket
  File "site-packages/gevent/server.py", line 138, in get_listener
  File "site-packages/gevent/server.py", line 229, in _tcp_listener
OSError: [Errno 98] Address already in use: ('127.0.0.1', 31950)

    at ChildProcess.exithandler (child_process.js:223:12)
    at emitTwo (events.js:106:13)
    at ChildProcess.emit (events.js:191:7)
    at maybeClose (internal/child_process.js:885:16)
    at Socket.<anonymous> (internal/child_process.js:334:11)
    at emitOne (events.js:96:13)
    at Socket.emit (events.js:188:7)
    at Pipe._handle.close [as _onclose] (net.js:501:12)
2018-01-26T02:16:41.898Z - info: Loading App UI at http://127.0.0.1:31950/
2018-01-26T02:16:41.904Z - info: Dispatched .loadURL call
2018-01-26T02:21:18.125Z - info: Electron App window closed, quitting App
2018-01-26T02:21:18.166Z - error: Received an expected error while calling exit route StatusCodeError: 500 - "Internal Server Error"
    at new StatusCodeError (/opt/Opentrons 2.0/resources/app.asar/node_modules/request-promise-core/lib/errors.js:32:15)
    at Request.plumbing.callback (/opt/Opentrons 2.0/resources/app.asar/node_modules/request-promise-core/lib/plumbing.js:104:33)
    at Request.RP$callback [as _callback] (/opt/Opentrons 2.0/resources/app.asar/node_modules/request-promise-core/lib/plumbing.js:46:31)
    at Request.self.callback (/opt/Opentrons 2.0/resources/app.asar/node_modules/request/request.js:188:22)
    at emitTwo (events.js:106:13)
    at Request.emit (events.js:191:7)
    at Request.<anonymous> (/opt/Opentrons 2.0/resources/app.asar/node_modules/request/request.js:1171:10)
    at emitOne (events.js:96:13)
    at Request.emit (events.js:188:7)
    at IncomingMessage.<anonymous> (/opt/Opentrons 2.0/resources/app.asar/node_modules/request/request.js:1091:12)
    at Object.onceWrapper (events.js:290:19)
    at emitNone (events.js:91:20)
    at IncomingMessage.emit (events.js:185:7)
    at endReadableNT (_stream_readable.js:974:12)
    at _combinedTickCallback (internal/process/next_tick.js:74:11)
    at process._tickCallback (internal/process/next_tick.js:98:9)
2018-01-26T19:55:00.655Z - info: Starting App
2018-01-26T19:55:00.725Z - info: Initializing Audo Updater
2018-01-26T19:55:00.726Z - info: Setting AUTO UPDATE URL to http://ot-app-releases-2.herokuapp.com?version=2.5.2
2018-01-26T19:55:00.726Z - info: Auto updating is enabled, checking for updates
2018-01-26T19:55:02.810Z - info: Loading App UI at http://127.0.0.1:31950/
2018-01-26T19:55:02.815Z - info: Dispatched .loadURL call
2018-01-26T19:59:33.323Z - info: Electron App window closed, quitting App
2018-01-26T19:59:33.364Z - error: Received an expected error while calling exit route StatusCodeError: 500 - "Internal Server Error"
    at new StatusCodeError (/opt/Opentrons 2.0/resources/app.asar/node_modules/request-promise-core/lib/errors.js:32:15)
    at Request.plumbing.callback (/opt/Opentrons 2.0/resources/app.asar/node_modules/request-promise-core/lib/plumbing.js:104:33)
    at Request.RP$callback [as _callback] (/opt/Opentrons 2.0/resources/app.asar/node_modules/request-promise-core/lib/plumbing.js:46:31)
    at Request.self.callback (/opt/Opentrons 2.0/resources/app.asar/node_modules/request/request.js:188:22)
    at emitTwo (events.js:106:13)
    at Request.emit (events.js:191:7)
    at Request.<anonymous> (/opt/Opentrons 2.0/resources/app.asar/node_modules/request/request.js:1171:10)
    at emitOne (events.js:96:13)
    at Request.emit (events.js:188:7)
    at IncomingMessage.<anonymous> (/opt/Opentrons 2.0/resources/app.asar/node_modules/request/request.js:1091:12)
    at Object.onceWrapper (events.js:290:19)
    at emitNone (events.js:91:20)
    at IncomingMessage.emit (events.js:185:7)
    at endReadableNT (_stream_readable.js:974:12)
    at _combinedTickCallback (internal/process/next_tick.js:74:11)
    at process._tickCallback (internal/process/next_tick.js:98:9)
